  [4;36;1mSQL (2.0ms)[0m   [0;1m SELECT name
 FROM sqlite_master
 WHERE type = 'table' AND NOT name = 'sqlite_sequence'
[0m
  [4;35;1mSQL (0.0ms)[0m   [0mselect sqlite_version(*)[0m
  [4;36;1mSQL (9.0ms)[0m   [0;1mCREATE TABLE "schema_migrations" ("version" varchar(255) NOT NULL) [0m
  [4;35;1mSQL (8.0ms)[0m   [0mCREATE UNIQUE INDEX "unique_schema_migrations" ON "schema_migrations" ("version")[0m
  [4;36;1mSQL (1.0ms)[0m   [0;1m SELECT name
 FROM sqlite_master
 WHERE type = 'table' AND NOT name = 'sqlite_sequence'
[0m
  [4;35;1mSQL (0.0ms)[0m   [0mSELECT version FROM schema_migrations[0m
Migrating to CreateUsers (20100426004357)
  [4;36;1mSQL (2.0ms)[0m   [0;1mCREATE TABLE "users" ("id" INTEGER PRIMARY KEY AUTOINCREMENT NOT NULL, "name" varchar(255), "email" varchar(255), "created_at" datetime, "updated_at" datetime) [0m
  [4;35;1mSQL (0.0ms)[0m   [0mINSERT INTO schema_migrations (version) VALUES ('20100426004357')[0m
  [4;36;1mSQL (1.0ms)[0m   [0;1m SELECT name
 FROM sqlite_master
 WHERE type = 'table' AND NOT name = 'sqlite_sequence'
[0m
  [4;35;1mSQL (0.0ms)[0m   [0mSELECT version FROM schema_migrations[0m
  [4;36;1mSQL (0.0ms)[0m   [0;1m SELECT name
 FROM sqlite_master
 WHERE type = 'table' AND NOT name = 'sqlite_sequence'
[0m
  [4;35;1mSQL (1.0ms)[0m   [0mPRAGMA index_list("users")[0m


Processing UsersController#index (for 127.0.0.1 at 2010-04-25 19:47:27) [GET]
  [4;36;1mUser Load (1.0ms)[0m   [0;1mSELECT * FROM "users" [0m
Rendering template within layouts/users
Rendering users/index
Completed in 5153ms (View: 5135, DB: 1) | 200 OK [http://localhost/users]


Processing UsersController#new (for 127.0.0.1 at 2010-04-25 19:48:51) [GET]
Rendering template within layouts/users
Rendering users/new
Completed in 44ms (View: 29, DB: 0) | 200 OK [http://localhost/users/new]


Processing UsersController#create (for 127.0.0.1 at 2010-04-25 19:49:11) [POST]
  Parameters: {"user"=>{"name"=>"Adam Nackers", "email"=>"adam.nackers@gmail.com"}, "commit"=>"Create", "authenticity_token"=>"FOvbrgBGf5cZGojfMOmbirDVJwRsaZCPmvEmr1sWguU="}
  [4;35;1mUser Create (2.0ms)[0m   [0mINSERT INTO "users" ("name", "updated_at", "email", "created_at") VALUES('Adam Nackers', '2010-04-26 00:49:11', 'adam.nackers@gmail.com', '2010-04-26 00:49:11')[0m
Redirected to http://localhost:3000/users/1
Completed in 39ms (DB: 2) | 302 Found [http://localhost/users]


Processing UsersController#show (for 127.0.0.1 at 2010-04-25 19:49:11) [GET]
  Parameters: {"id"=>"1"}
  [4;36;1mUser Load (0.0ms)[0m   [0;1mSELECT * FROM "users" WHERE ("users"."id" = 1) [0m
Rendering template within layouts/users
Rendering users/show
Completed in 36ms (View: 17, DB: 0) | 200 OK [http://localhost/users/1]


Processing UsersController#index (for 127.0.0.1 at 2010-04-25 19:49:19) [GET]
  [4;35;1mUser Load (1.0ms)[0m   [0mSELECT * FROM "users" [0m
Rendering template within layouts/users
Rendering users/index
Completed in 32ms (View: 19, DB: 1) | 200 OK [http://localhost/users]


Processing UsersController#edit (for 127.0.0.1 at 2010-04-25 19:50:37) [GET]
  Parameters: {"id"=>"1"}
  [4;36;1mUser Load (0.0ms)[0m   [0;1mSELECT * FROM "users" WHERE ("users"."id" = 1) [0m
Rendering template within layouts/users
Rendering users/edit
Completed in 44ms (View: 29, DB: 0) | 200 OK [http://localhost/users/1/edit]


Processing UsersController#index (for 127.0.0.1 at 2010-04-25 19:50:42) [GET]
  [4;35;1mUser Load (1.0ms)[0m   [0mSELECT * FROM "users" [0m
Rendering template within layouts/users
Rendering users/index
Completed in 36ms (View: 18, DB: 1) | 200 OK [http://localhost/users]


Processing UsersController#new (for 127.0.0.1 at 2010-04-25 19:51:43) [GET]
Rendering template within layouts/users
Rendering users/new
Completed in 28ms (View: 14, DB: 0) | 200 OK [http://localhost/users/new]


Processing UsersController#create (for 127.0.0.1 at 2010-04-25 19:51:59) [POST]
  Parameters: {"user"=>{"name"=>"Kristin Maack", "email"=>"maackkristin@gmail.com"}, "commit"=>"Create", "authenticity_token"=>"FOvbrgBGf5cZGojfMOmbirDVJwRsaZCPmvEmr1sWguU="}
  [4;36;1mUser Create (1.0ms)[0m   [0;1mINSERT INTO "users" ("name", "updated_at", "email", "created_at") VALUES('Kristin Maack', '2010-04-26 00:51:59', 'maackkristin@gmail.com', '2010-04-26 00:51:59')[0m
Redirected to http://localhost:3000/users/2
Completed in 35ms (DB: 1) | 302 Found [http://localhost/users]


Processing UsersController#show (for 127.0.0.1 at 2010-04-25 19:51:59) [GET]
  Parameters: {"id"=>"2"}
  [4;35;1mUser Load (0.0ms)[0m   [0mSELECT * FROM "users" WHERE ("users"."id" = 2) [0m
Rendering template within layouts/users
Rendering users/show
Completed in 25ms (View: 8, DB: 0) | 200 OK [http://localhost/users/2]


Processing UsersController#index (for 127.0.0.1 at 2010-04-25 19:52:20) [GET]
  [4;36;1mUser Load (1.0ms)[0m   [0;1mSELECT * FROM "users" [0m
Rendering template within layouts/users
Rendering users/index
Completed in 40ms (View: 26, DB: 1) | 200 OK [http://localhost/users]


Processing UsersController#destroy (for 127.0.0.1 at 2010-04-25 19:52:25) [DELETE]
  Parameters: {"authenticity_token"=>"FOvbrgBGf5cZGojfMOmbirDVJwRsaZCPmvEmr1sWguU=", "id"=>"2"}
  [4;35;1mUser Load (0.0ms)[0m   [0mSELECT * FROM "users" WHERE ("users"."id" = 2) [0m
  [4;36;1mUser Destroy (5.0ms)[0m   [0;1mDELETE FROM "users" WHERE "id" = 2[0m
Redirected to http://localhost:3000/users
Completed in 40ms (DB: 5) | 302 Found [http://localhost/users/2]


Processing UsersController#index (for 127.0.0.1 at 2010-04-25 19:52:25) [GET]
  [4;35;1mUser Load (1.0ms)[0m   [0mSELECT * FROM "users" [0m
Rendering template within layouts/users
Rendering users/index
Completed in 29ms (View: 15, DB: 1) | 200 OK [http://localhost/users]
  [4;36;1mSQL (1.0ms)[0m   [0;1m SELECT name
 FROM sqlite_master
 WHERE type = 'table' AND NOT name = 'sqlite_sequence'
[0m
  [4;35;1mSQL (1.0ms)[0m   [0mSELECT version FROM schema_migrations[0m
Migrating to CreateUsers (20100426004357)
Migrating to CreateMicroposts (20100426012340)
  [4;36;1mSQL (1.0ms)[0m   [0;1mselect sqlite_version(*)[0m
  [4;35;1mSQL (1.0ms)[0m   [0mCREATE TABLE "microposts" ("id" INTEGER PRIMARY KEY AUTOINCREMENT NOT NULL, "content" varchar(255), "user_id" integer, "created_at" datetime, "updated_at" datetime) [0m
  [4;36;1mSQL (1.0ms)[0m   [0;1mINSERT INTO schema_migrations (version) VALUES ('20100426012340')[0m
  [4;35;1mSQL (0.0ms)[0m   [0m SELECT name
 FROM sqlite_master
 WHERE type = 'table' AND NOT name = 'sqlite_sequence'
[0m
  [4;36;1mSQL (0.0ms)[0m   [0;1mSELECT version FROM schema_migrations[0m
  [4;35;1mSQL (1.0ms)[0m   [0m SELECT name
 FROM sqlite_master
 WHERE type = 'table' AND NOT name = 'sqlite_sequence'
[0m
  [4;36;1mSQL (0.0ms)[0m   [0;1mPRAGMA index_list("microposts")[0m
  [4;35;1mSQL (0.0ms)[0m   [0mPRAGMA index_list("users")[0m


Processing MicropostsController#index (for 127.0.0.1 at 2010-04-25 20:27:42) [GET]
  [4;36;1mMicropost Load (1.0ms)[0m   [0;1mSELECT * FROM "microposts" [0m
Rendering template within layouts/microposts
Rendering microposts/index
Completed in 50ms (View: 35, DB: 1) | 200 OK [http://localhost/microposts]


Processing MicropostsController#new (for 127.0.0.1 at 2010-04-25 20:27:45) [GET]
Rendering template within layouts/microposts
Rendering microposts/new
Completed in 38ms (View: 24, DB: 0) | 200 OK [http://localhost/microposts/new]


Processing MicropostsController#create (for 127.0.0.1 at 2010-04-25 20:27:59) [POST]
  Parameters: {"commit"=>"Create", "authenticity_token"=>"FOvbrgBGf5cZGojfMOmbirDVJwRsaZCPmvEmr1sWguU=", "micropost"=>{"content"=>"hello", "user_id"=>"1"}}
  [4;35;1mMicropost Create (2.0ms)[0m   [0mINSERT INTO "microposts" ("updated_at", "content", "user_id", "created_at") VALUES('2010-04-26 01:27:59', 'hello', 1, '2010-04-26 01:27:59')[0m
Redirected to http://localhost:3000/microposts/1
Completed in 62ms (DB: 2) | 302 Found [http://localhost/microposts]


Processing MicropostsController#show (for 127.0.0.1 at 2010-04-25 20:27:59) [GET]
  Parameters: {"id"=>"1"}
  [4;36;1mMicropost Load (1.0ms)[0m   [0;1mSELECT * FROM "microposts" WHERE ("microposts"."id" = 1) [0m
Rendering template within layouts/microposts
Rendering microposts/show
Completed in 39ms (View: 20, DB: 1) | 200 OK [http://localhost/microposts/1]


Processing MicropostsController#index (for 127.0.0.1 at 2010-04-25 20:28:16) [GET]
  [4;35;1mMicropost Load (1.0ms)[0m   [0mSELECT * FROM "microposts" [0m
Rendering template within layouts/microposts
Rendering microposts/index
Completed in 30ms (View: 16, DB: 1) | 200 OK [http://localhost/microposts]


Processing MicropostsController#new (for 127.0.0.1 at 2010-04-25 20:28:18) [GET]
Rendering template within layouts/microposts
Rendering microposts/new
Completed in 26ms (View: 12, DB: 0) | 200 OK [http://localhost/microposts/new]


Processing MicropostsController#create (for 127.0.0.1 at 2010-04-25 20:28:27) [POST]
  Parameters: {"commit"=>"Create", "authenticity_token"=>"FOvbrgBGf5cZGojfMOmbirDVJwRsaZCPmvEmr1sWguU=", "micropost"=>{"content"=>"yo yo yo", "user_id"=>"1"}}
  [4;36;1mMicropost Create (1.0ms)[0m   [0;1mINSERT INTO "microposts" ("updated_at", "content", "user_id", "created_at") VALUES('2010-04-26 01:28:27', 'yo yo yo', 1, '2010-04-26 01:28:27')[0m
Redirected to http://localhost:3000/microposts/2
Completed in 32ms (DB: 1) | 302 Found [http://localhost/microposts]


Processing MicropostsController#show (for 127.0.0.1 at 2010-04-25 20:28:27) [GET]
  Parameters: {"id"=>"2"}
  [4;35;1mMicropost Load (0.0ms)[0m   [0mSELECT * FROM "microposts" WHERE ("microposts"."id" = 2) [0m
Rendering template within layouts/microposts
Rendering microposts/show
Completed in 23ms (View: 8, DB: 0) | 200 OK [http://localhost/microposts/2]


Processing MicropostsController#index (for 127.0.0.1 at 2010-04-25 20:28:29) [GET]
  [4;36;1mMicropost Load (2.0ms)[0m   [0;1mSELECT * FROM "microposts" [0m
Rendering template within layouts/microposts
Rendering microposts/index
Completed in 36ms (View: 22, DB: 2) | 200 OK [http://localhost/microposts]


Processing MicropostsController#new (for 127.0.0.1 at 2010-04-25 20:36:05) [GET]
Rendering template within layouts/microposts
Rendering microposts/new
Completed in 26ms (View: 12, DB: 0) | 200 OK [http://localhost/microposts/new]


Processing MicropostsController#create (for 127.0.0.1 at 2010-04-25 20:36:50) [POST]
  Parameters: {"commit"=>"Create", "authenticity_token"=>"FOvbrgBGf5cZGojfMOmbirDVJwRsaZCPmvEmr1sWguU=", "micropost"=>{"content"=>"Now is the time for all good men to come to the aid of their country.  Now is the time for all good men to come to the aid of their contry.. now is the time for all good men to come to the aid of their counry.  now is the time for all good men to come to the aid of their country", "user_id"=>"1"}}
Rendering template within layouts/microposts
Rendering microposts/new
Completed in 45ms (View: 26, DB: 0) | 200 OK [http://localhost/microposts]
  [4;36;1mUser Load (1.0ms)[0m   [0;1mSELECT * FROM "users" LIMIT 1[0m
  [4;36;1mUser Load (1.0ms)[0m   [0;1mSELECT * FROM "users" LIMIT 1[0m
  [4;35;1mMicropost Load (1.0ms)[0m   [0mSELECT * FROM "microposts" WHERE ("microposts".user_id = 1) [0m
